{"/home/gabrielwenchenck/alves-Gabriel-Carvalho/modulo5/projeto-lama/src/business/PingBusiness.ts": {"path":"/home/gabrielwenchenck/alves-Gabriel-Carvalho/modulo5/projeto-lama/src/business/PingBusiness.ts","statementMap":{"0":{"start":{"line":2,"column":11},"end":{"line":8,"column":null}},"1":{"start":{"line":3,"column":25},"end":{"line":5,"column":null}},"2":{"start":{"line":7,"column":8},"end":{"line":7,"column":null}},"3":{"start":{"line":1,"column":0},"end":{"line":1,"column":13}}},"fnMap":{"0":{"name":"(anonymous_0)","decl":{"start":{"line":1,"column":0},"end":{"line":1,"column":13}},"loc":{"start":{"line":1,"column":0},"end":{"line":9,"column":1}}},"1":{"name":"(anonymous_1)","decl":{"start":{"line":2,"column":18},"end":{"line":2,"column":23}},"loc":{"start":{"line":2,"column":29},"end":{"line":8,"column":5}}}},"branchMap":{},"s":{"0":2,"1":2,"2":2,"3":2},"f":{"0":2,"1":2},"b":{}}
,"/home/gabrielwenchenck/alves-Gabriel-Carvalho/modulo5/projeto-lama/src/business/ShowBusiness.ts": {"path":"/home/gabrielwenchenck/alves-Gabriel-Carvalho/modulo5/projeto-lama/src/business/ShowBusiness.ts","statementMap":{"0":{"start":{"line":6,"column":0},"end":{"line":6,"column":58}},"1":{"start":{"line":7,"column":0},"end":{"line":7,"column":58}},"2":{"start":{"line":8,"column":0},"end":{"line":8,"column":46}},"3":{"start":{"line":10,"column":0},"end":{"line":10,"column":66}},"4":{"start":{"line":11,"column":0},"end":{"line":11,"column":null}},"5":{"start":{"line":21,"column":0},"end":{"line":21,"column":52}},"6":{"start":{"line":25,"column":12},"end":{"line":25,"column":38}},"7":{"start":{"line":26,"column":12},"end":{"line":26,"column":36}},"8":{"start":{"line":27,"column":12},"end":{"line":27,"column":40}},"9":{"start":{"line":30,"column":9},"end":{"line":77,"column":4}},"10":{"start":{"line":31,"column":38},"end":{"line":31,"column":43}},"11":{"start":{"line":33,"column":4},"end":{"line":35,"column":null}},"12":{"start":{"line":34,"column":6},"end":{"line":34,"column":30}},"13":{"start":{"line":37,"column":4},"end":{"line":39,"column":null}},"14":{"start":{"line":38,"column":6},"end":{"line":38,"column":37}},"15":{"start":{"line":41,"column":20},"end":{"line":41,"column":61}},"16":{"start":{"line":43,"column":4},"end":{"line":45,"column":null}},"17":{"start":{"line":44,"column":6},"end":{"line":44,"column":56}},"18":{"start":{"line":47,"column":4},"end":{"line":49,"column":null}},"19":{"start":{"line":48,"column":6},"end":{"line":48,"column":80}},"20":{"start":{"line":51,"column":25},"end":{"line":51,"column":43}},"21":{"start":{"line":53,"column":30},"end":{"line":53,"column":52}},"22":{"start":{"line":55,"column":4},"end":{"line":57,"column":null}},"23":{"start":{"line":56,"column":6},"end":{"line":56,"column":77}},"24":{"start":{"line":58,"column":4},"end":{"line":58,"column":30}},"25":{"start":{"line":60,"column":27},"end":{"line":60,"column":79}},"26":{"start":{"line":62,"column":4},"end":{"line":64,"column":null}},"27":{"start":{"line":63,"column":6},"end":{"line":63,"column":51}},"28":{"start":{"line":66,"column":15},"end":{"line":66,"column":42}},"29":{"start":{"line":67,"column":17},"end":{"line":67,"column":49}},"30":{"start":{"line":69,"column":4},"end":{"line":69,"column":45}},"31":{"start":{"line":71,"column":39},"end":{"line":74,"column":6}},"32":{"start":{"line":76,"column":4},"end":{"line":76,"column":20}},"33":{"start":{"line":79,"column":9},"end":{"line":86,"column":4}},"34":{"start":{"line":80,"column":19},"end":{"line":80,"column":53}},"35":{"start":{"line":82,"column":41},"end":{"line":84,"column":6}},"36":{"start":{"line":85,"column":4},"end":{"line":85,"column":20}},"37":{"start":{"line":88,"column":9},"end":{"line":150,"column":4}},"38":{"start":{"line":91,"column":30},"end":{"line":91,"column":35}},"39":{"start":{"line":93,"column":4},"end":{"line":95,"column":null}},"40":{"start":{"line":94,"column":6},"end":{"line":94,"column":51}},"41":{"start":{"line":97,"column":4},"end":{"line":99,"column":null}},"42":{"start":{"line":98,"column":6},"end":{"line":98,"column":37}},"43":{"start":{"line":101,"column":20},"end":{"line":101,"column":61}},"44":{"start":{"line":103,"column":4},"end":{"line":105,"column":null}},"45":{"start":{"line":104,"column":6},"end":{"line":104,"column":56}},"46":{"start":{"line":107,"column":19},"end":{"line":107,"column":63}},"47":{"start":{"line":109,"column":4},"end":{"line":111,"column":null}},"48":{"start":{"line":110,"column":6},"end":{"line":110,"column":53}},"49":{"start":{"line":113,"column":20},"end":{"line":113,"column":70}},"50":{"start":{"line":115,"column":17},"end":{"line":119,"column":null}},"51":{"start":{"line":122,"column":4},"end":{"line":124,"column":null}},"52":{"start":{"line":123,"column":6},"end":{"line":123,"column":45}},"53":{"start":{"line":126,"column":32},"end":{"line":128,"column":null}},"54":{"start":{"line":131,"column":4},"end":{"line":133,"column":null}},"55":{"start":{"line":132,"column":6},"end":{"line":132,"column":75}},"56":{"start":{"line":135,"column":15},"end":{"line":135,"column":42}},"57":{"start":{"line":137,"column":30},"end":{"line":141,"column":6}},"58":{"start":{"line":143,"column":4},"end":{"line":143,"column":49}},"59":{"start":{"line":144,"column":39},"end":{"line":148,"column":6}},"60":{"start":{"line":149,"column":4},"end":{"line":149,"column":20}},"61":{"start":{"line":152,"column":9},"end":{"line":187,"column":4}},"62":{"start":{"line":153,"column":30},"end":{"line":153,"column":35}},"63":{"start":{"line":155,"column":4},"end":{"line":157,"column":null}},"64":{"start":{"line":156,"column":6},"end":{"line":156,"column":51}},"65":{"start":{"line":159,"column":4},"end":{"line":161,"column":null}},"66":{"start":{"line":160,"column":6},"end":{"line":160,"column":37}},"67":{"start":{"line":163,"column":20},"end":{"line":163,"column":61}},"68":{"start":{"line":165,"column":4},"end":{"line":167,"column":null}},"69":{"start":{"line":166,"column":6},"end":{"line":166,"column":56}},"70":{"start":{"line":169,"column":19},"end":{"line":169,"column":63}},"71":{"start":{"line":171,"column":4},"end":{"line":173,"column":null}},"72":{"start":{"line":172,"column":6},"end":{"line":172,"column":53}},"73":{"start":{"line":175,"column":21},"end":{"line":175,"column":75}},"74":{"start":{"line":177,"column":4},"end":{"line":181,"column":null}},"75":{"start":{"line":178,"column":6},"end":{"line":180,"column":8}},"76":{"start":{"line":183,"column":4},"end":{"line":183,"column":58}},"77":{"start":{"line":185,"column":21},"end":{"line":185,"column":66}},"78":{"start":{"line":186,"column":4},"end":{"line":186,"column":20}},"79":{"start":{"line":23,"column":0},"end":{"line":23,"column":13}}},"fnMap":{"0":{"name":"(anonymous_0)","decl":{"start":{"line":24,"column":2},"end":{"line":24,"column":null}},"loc":{"start":{"line":27,"column":40},"end":{"line":28,"column":6}}},"1":{"name":"(anonymous_1)","decl":{"start":{"line":30,"column":18},"end":{"line":30,"column":23}},"loc":{"start":{"line":30,"column":51},"end":{"line":77,"column":3}}},"2":{"name":"(anonymous_2)","decl":{"start":{"line":79,"column":20},"end":{"line":79,"column":25}},"loc":{"start":{"line":79,"column":60},"end":{"line":86,"column":3}}},"3":{"name":"(anonymous_3)","decl":{"start":{"line":88,"column":21},"end":{"line":88,"column":26}},"loc":{"start":{"line":90,"column":33},"end":{"line":150,"column":3}}},"4":{"name":"(anonymous_4)","decl":{"start":{"line":152,"column":24},"end":{"line":152,"column":29}},"loc":{"start":{"line":152,"column":63},"end":{"line":187,"column":3}}}},"branchMap":{"0":{"loc":{"start":{"line":33,"column":4},"end":{"line":35,"column":null}},"type":"if","locations":[{"start":{"line":33,"column":4},"end":{"line":35,"column":null}}]},"1":{"loc":{"start":{"line":33,"column":8},"end":{"line":33,"column":26}},"type":"binary-expr","locations":[{"start":{"line":33,"column":8},"end":{"line":33,"column":13}},{"start":{"line":33,"column":17},"end":{"line":33,"column":26}}]},"2":{"loc":{"start":{"line":37,"column":4},"end":{"line":39,"column":null}},"type":"if","locations":[{"start":{"line":37,"column":4},"end":{"line":39,"column":null}}]},"3":{"loc":{"start":{"line":43,"column":4},"end":{"line":45,"column":null}},"type":"if","locations":[{"start":{"line":43,"column":4},"end":{"line":45,"column":null}}]},"4":{"loc":{"start":{"line":47,"column":4},"end":{"line":49,"column":null}},"type":"if","locations":[{"start":{"line":47,"column":4},"end":{"line":49,"column":null}}]},"5":{"loc":{"start":{"line":55,"column":4},"end":{"line":57,"column":null}},"type":"if","locations":[{"start":{"line":55,"column":4},"end":{"line":57,"column":null}}]},"6":{"loc":{"start":{"line":62,"column":4},"end":{"line":64,"column":null}},"type":"if","locations":[{"start":{"line":62,"column":4},"end":{"line":64,"column":null}}]},"7":{"loc":{"start":{"line":93,"column":4},"end":{"line":95,"column":null}},"type":"if","locations":[{"start":{"line":93,"column":4},"end":{"line":95,"column":null}}]},"8":{"loc":{"start":{"line":97,"column":4},"end":{"line":99,"column":null}},"type":"if","locations":[{"start":{"line":97,"column":4},"end":{"line":99,"column":null}}]},"9":{"loc":{"start":{"line":103,"column":4},"end":{"line":105,"column":null}},"type":"if","locations":[{"start":{"line":103,"column":4},"end":{"line":105,"column":null}}]},"10":{"loc":{"start":{"line":109,"column":4},"end":{"line":111,"column":null}},"type":"if","locations":[{"start":{"line":109,"column":4},"end":{"line":111,"column":null}}]},"11":{"loc":{"start":{"line":122,"column":4},"end":{"line":124,"column":null}},"type":"if","locations":[{"start":{"line":122,"column":4},"end":{"line":124,"column":null}}]},"12":{"loc":{"start":{"line":131,"column":4},"end":{"line":133,"column":null}},"type":"if","locations":[{"start":{"line":131,"column":4},"end":{"line":133,"column":null}}]},"13":{"loc":{"start":{"line":155,"column":4},"end":{"line":157,"column":null}},"type":"if","locations":[{"start":{"line":155,"column":4},"end":{"line":157,"column":null}}]},"14":{"loc":{"start":{"line":159,"column":4},"end":{"line":161,"column":null}},"type":"if","locations":[{"start":{"line":159,"column":4},"end":{"line":161,"column":null}}]},"15":{"loc":{"start":{"line":165,"column":4},"end":{"line":167,"column":null}},"type":"if","locations":[{"start":{"line":165,"column":4},"end":{"line":167,"column":null}}]},"16":{"loc":{"start":{"line":171,"column":4},"end":{"line":173,"column":null}},"type":"if","locations":[{"start":{"line":171,"column":4},"end":{"line":173,"column":null}}]},"17":{"loc":{"start":{"line":177,"column":4},"end":{"line":181,"column":null}},"type":"if","locations":[{"start":{"line":177,"column":4},"end":{"line":181,"column":null}}]}},"s":{"0":2,"1":2,"2":2,"3":2,"4":2,"5":2,"6":2,"7":2,"8":2,"9":2,"10":2,"11":2,"12":0,"13":2,"14":0,"15":2,"16":2,"17":0,"18":2,"19":1,"20":1,"21":1,"22":1,"23":0,"24":1,"25":1,"26":1,"27":0,"28":1,"29":1,"30":1,"31":1,"32":1,"33":2,"34":0,"35":0,"36":0,"37":2,"38":2,"39":2,"40":0,"41":2,"42":0,"43":2,"44":2,"45":0,"46":2,"47":2,"48":1,"49":1,"50":1,"51":1,"52":0,"53":1,"54":1,"55":0,"56":1,"57":1,"58":1,"59":1,"60":1,"61":2,"62":0,"63":0,"64":0,"65":0,"66":0,"67":0,"68":0,"69":0,"70":0,"71":0,"72":0,"73":0,"74":0,"75":0,"76":0,"77":0,"78":0,"79":2},"f":{"0":2,"1":2,"2":0,"3":2,"4":0},"b":{"0":[0],"1":[2,2],"2":[0],"3":[0],"4":[1],"5":[0],"6":[0],"7":[0],"8":[0],"9":[0],"10":[1],"11":[0],"12":[0],"13":[0],"14":[0],"15":[0],"16":[0],"17":[0]}}
,"/home/gabrielwenchenck/alves-Gabriel-Carvalho/modulo5/projeto-lama/src/business/UserBusiness.ts": {"path":"/home/gabrielwenchenck/alves-Gabriel-Carvalho/modulo5/projeto-lama/src/business/UserBusiness.ts","statementMap":{"0":{"start":{"line":2,"column":0},"end":{"line":2,"column":58}},"1":{"start":{"line":3,"column":0},"end":{"line":3,"column":54}},"2":{"start":{"line":4,"column":0},"end":{"line":4,"column":null}},"3":{"start":{"line":16,"column":0},"end":{"line":16,"column":56}},"4":{"start":{"line":17,"column":0},"end":{"line":17,"column":68}},"5":{"start":{"line":21,"column":12},"end":{"line":21,"column":38}},"6":{"start":{"line":22,"column":12},"end":{"line":22,"column":36}},"7":{"start":{"line":23,"column":12},"end":{"line":23,"column":36}},"8":{"start":{"line":24,"column":12},"end":{"line":24,"column":40}},"9":{"start":{"line":27,"column":9},"end":{"line":89,"column":4}},"10":{"start":{"line":28,"column":38},"end":{"line":28,"column":43}},"11":{"start":{"line":30,"column":4},"end":{"line":32,"column":null}},"12":{"start":{"line":31,"column":6},"end":{"line":31,"column":30}},"13":{"start":{"line":34,"column":4},"end":{"line":36,"column":null}},"14":{"start":{"line":35,"column":6},"end":{"line":35,"column":78}},"15":{"start":{"line":38,"column":4},"end":{"line":40,"column":null}},"16":{"start":{"line":39,"column":6},"end":{"line":39,"column":79}},"17":{"start":{"line":42,"column":4},"end":{"line":46,"column":null}},"18":{"start":{"line":43,"column":6},"end":{"line":45,"column":8}},"19":{"start":{"line":48,"column":4},"end":{"line":52,"column":null}},"20":{"start":{"line":49,"column":6},"end":{"line":51,"column":8}},"21":{"start":{"line":54,"column":4},"end":{"line":58,"column":null}},"22":{"start":{"line":55,"column":6},"end":{"line":57,"column":8}},"23":{"start":{"line":60,"column":4},"end":{"line":62,"column":null}},"24":{"start":{"line":61,"column":6},"end":{"line":61,"column":58}},"25":{"start":{"line":64,"column":33},"end":{"line":64,"column":75}},"26":{"start":{"line":66,"column":4},"end":{"line":68,"column":null}},"27":{"start":{"line":67,"column":6},"end":{"line":67,"column":53}},"28":{"start":{"line":69,"column":15},"end":{"line":69,"column":42}},"29":{"start":{"line":70,"column":27},"end":{"line":70,"column":64}},"30":{"start":{"line":72,"column":17},"end":{"line":72,"column":77}},"31":{"start":{"line":74,"column":4},"end":{"line":74,"column":45}},"32":{"start":{"line":76,"column":35},"end":{"line":79,"column":6}},"33":{"start":{"line":81,"column":18},"end":{"line":81,"column":59}},"34":{"start":{"line":83,"column":39},"end":{"line":86,"column":6}},"35":{"start":{"line":88,"column":4},"end":{"line":88,"column":20}},"36":{"start":{"line":91,"column":9},"end":{"line":151,"column":4}},"37":{"start":{"line":92,"column":32},"end":{"line":92,"column":37}},"38":{"start":{"line":94,"column":4},"end":{"line":96,"column":null}},"39":{"start":{"line":95,"column":6},"end":{"line":95,"column":30}},"40":{"start":{"line":98,"column":4},"end":{"line":100,"column":null}},"41":{"start":{"line":99,"column":6},"end":{"line":99,"column":58}},"42":{"start":{"line":102,"column":4},"end":{"line":104,"column":null}},"43":{"start":{"line":103,"column":6},"end":{"line":103,"column":61}},"44":{"start":{"line":106,"column":4},"end":{"line":110,"column":null}},"45":{"start":{"line":107,"column":6},"end":{"line":109,"column":8}},"46":{"start":{"line":112,"column":4},"end":{"line":114,"column":null}},"47":{"start":{"line":113,"column":6},"end":{"line":113,"column":58}},"48":{"start":{"line":116,"column":19},"end":{"line":116,"column":61}},"49":{"start":{"line":118,"column":4},"end":{"line":120,"column":null}},"50":{"start":{"line":119,"column":6},"end":{"line":119,"column":54}},"51":{"start":{"line":122,"column":17},"end":{"line":127,"column":null}},"52":{"start":{"line":129,"column":30},"end":{"line":131,"column":null}},"53":{"start":{"line":134,"column":4},"end":{"line":136,"column":null}},"54":{"start":{"line":135,"column":6},"end":{"line":135,"column":58}},"55":{"start":{"line":138,"column":35},"end":{"line":141,"column":6}},"56":{"start":{"line":143,"column":18},"end":{"line":143,"column":59}},"57":{"start":{"line":145,"column":38},"end":{"line":148,"column":6}},"58":{"start":{"line":150,"column":4},"end":{"line":150,"column":20}},"59":{"start":{"line":19,"column":0},"end":{"line":19,"column":13}}},"fnMap":{"0":{"name":"(anonymous_0)","decl":{"start":{"line":20,"column":2},"end":{"line":20,"column":null}},"loc":{"start":{"line":24,"column":40},"end":{"line":25,"column":6}}},"1":{"name":"(anonymous_1)","decl":{"start":{"line":27,"column":18},"end":{"line":27,"column":23}},"loc":{"start":{"line":27,"column":51},"end":{"line":89,"column":3}}},"2":{"name":"(anonymous_2)","decl":{"start":{"line":91,"column":17},"end":{"line":91,"column":22}},"loc":{"start":{"line":91,"column":49},"end":{"line":151,"column":3}}}},"branchMap":{"0":{"loc":{"start":{"line":30,"column":4},"end":{"line":32,"column":null}},"type":"if","locations":[{"start":{"line":30,"column":4},"end":{"line":32,"column":null}}]},"1":{"loc":{"start":{"line":30,"column":8},"end":{"line":30,"column":36}},"type":"binary-expr","locations":[{"start":{"line":30,"column":8},"end":{"line":30,"column":13}},{"start":{"line":30,"column":17},"end":{"line":30,"column":23}},{"start":{"line":30,"column":27},"end":{"line":30,"column":36}}]},"2":{"loc":{"start":{"line":34,"column":4},"end":{"line":36,"column":null}},"type":"if","locations":[{"start":{"line":34,"column":4},"end":{"line":36,"column":null}}]},"3":{"loc":{"start":{"line":38,"column":4},"end":{"line":40,"column":null}},"type":"if","locations":[{"start":{"line":38,"column":4},"end":{"line":40,"column":null}}]},"4":{"loc":{"start":{"line":42,"column":4},"end":{"line":46,"column":null}},"type":"if","locations":[{"start":{"line":42,"column":4},"end":{"line":46,"column":null}}]},"5":{"loc":{"start":{"line":48,"column":4},"end":{"line":52,"column":null}},"type":"if","locations":[{"start":{"line":48,"column":4},"end":{"line":52,"column":null}}]},"6":{"loc":{"start":{"line":54,"column":4},"end":{"line":58,"column":null}},"type":"if","locations":[{"start":{"line":54,"column":4},"end":{"line":58,"column":null}}]},"7":{"loc":{"start":{"line":60,"column":4},"end":{"line":62,"column":null}},"type":"if","locations":[{"start":{"line":60,"column":4},"end":{"line":62,"column":null}}]},"8":{"loc":{"start":{"line":66,"column":4},"end":{"line":68,"column":null}},"type":"if","locations":[{"start":{"line":66,"column":4},"end":{"line":68,"column":null}}]},"9":{"loc":{"start":{"line":94,"column":4},"end":{"line":96,"column":null}},"type":"if","locations":[{"start":{"line":94,"column":4},"end":{"line":96,"column":null}}]},"10":{"loc":{"start":{"line":94,"column":8},"end":{"line":94,"column":27}},"type":"binary-expr","locations":[{"start":{"line":94,"column":8},"end":{"line":94,"column":14}},{"start":{"line":94,"column":18},"end":{"line":94,"column":27}}]},"11":{"loc":{"start":{"line":98,"column":4},"end":{"line":100,"column":null}},"type":"if","locations":[{"start":{"line":98,"column":4},"end":{"line":100,"column":null}}]},"12":{"loc":{"start":{"line":102,"column":4},"end":{"line":104,"column":null}},"type":"if","locations":[{"start":{"line":102,"column":4},"end":{"line":104,"column":null}}]},"13":{"loc":{"start":{"line":106,"column":4},"end":{"line":110,"column":null}},"type":"if","locations":[{"start":{"line":106,"column":4},"end":{"line":110,"column":null}}]},"14":{"loc":{"start":{"line":112,"column":4},"end":{"line":114,"column":null}},"type":"if","locations":[{"start":{"line":112,"column":4},"end":{"line":114,"column":null}}]},"15":{"loc":{"start":{"line":118,"column":4},"end":{"line":120,"column":null}},"type":"if","locations":[{"start":{"line":118,"column":4},"end":{"line":120,"column":null}}]},"16":{"loc":{"start":{"line":134,"column":4},"end":{"line":136,"column":null}},"type":"if","locations":[{"start":{"line":134,"column":4},"end":{"line":136,"column":null}}]}},"s":{"0":2,"1":2,"2":2,"3":2,"4":2,"5":2,"6":2,"7":2,"8":2,"9":2,"10":4,"11":4,"12":0,"13":4,"14":0,"15":4,"16":0,"17":4,"18":0,"19":4,"20":0,"21":4,"22":2,"23":2,"24":0,"25":2,"26":2,"27":0,"28":2,"29":2,"30":2,"31":2,"32":2,"33":2,"34":2,"35":2,"36":2,"37":2,"38":2,"39":0,"40":2,"41":0,"42":2,"43":0,"44":2,"45":0,"46":2,"47":0,"48":2,"49":2,"50":0,"51":2,"52":2,"53":2,"54":1,"55":1,"56":1,"57":1,"58":1,"59":2},"f":{"0":2,"1":4,"2":2},"b":{"0":[0],"1":[4,4,4],"2":[0],"3":[0],"4":[0],"5":[0],"6":[2],"7":[0],"8":[0],"9":[0],"10":[2,2],"11":[0],"12":[0],"13":[0],"14":[0],"15":[0],"16":[1]}}
,"/home/gabrielwenchenck/alves-Gabriel-Carvalho/modulo5/projeto-lama/src/database/BaseDatabase.ts": {"path":"/home/gabrielwenchenck/alves-Gabriel-Carvalho/modulo5/projeto-lama/src/database/BaseDatabase.ts","statementMap":{"0":{"start":{"line":1,"column":0},"end":{"line":1,"column":23}},"1":{"start":{"line":2,"column":0},"end":{"line":2,"column":27}},"2":{"start":{"line":4,"column":0},"end":{"line":4,"column":null}},"3":{"start":{"line":6,"column":0},"end":{"line":6,"column":22}},"4":{"start":{"line":7,"column":21},"end":{"line":17,"column":null}}},"fnMap":{},"branchMap":{},"s":{"0":4,"1":4,"2":4,"3":4,"4":4},"f":{},"b":{}}
,"/home/gabrielwenchenck/alves-Gabriel-Carvalho/modulo5/projeto-lama/src/errors/AuthenticationError.ts": {"path":"/home/gabrielwenchenck/alves-Gabriel-Carvalho/modulo5/projeto-lama/src/errors/AuthenticationError.ts","statementMap":{"0":{"start":{"line":1,"column":0},"end":{"line":1,"column":40}},"1":{"start":{"line":7,"column":8},"end":{"line":7,"column":null}},"2":{"start":{"line":3,"column":0},"end":{"line":3,"column":13}}},"fnMap":{"0":{"name":"(anonymous_0)","decl":{"start":{"line":4,"column":4},"end":{"line":4,"column":null}},"loc":{"start":{"line":5,"column":49},"end":{"line":8,"column":5}}}},"branchMap":{"0":{"loc":{"start":{"line":5,"column":8},"end":{"line":5,"column":49}},"type":"default-arg","locations":[{"start":{"line":5,"column":26},"end":{"line":5,"column":49}}]}},"s":{"0":2,"1":1,"2":2},"f":{"0":1},"b":{"0":[0]}}
,"/home/gabrielwenchenck/alves-Gabriel-Carvalho/modulo5/projeto-lama/src/errors/AuthorizationError.ts": {"path":"/home/gabrielwenchenck/alves-Gabriel-Carvalho/modulo5/projeto-lama/src/errors/AuthorizationError.ts","statementMap":{"0":{"start":{"line":1,"column":0},"end":{"line":1,"column":40}},"1":{"start":{"line":7,"column":8},"end":{"line":7,"column":null}},"2":{"start":{"line":3,"column":0},"end":{"line":3,"column":13}}},"fnMap":{"0":{"name":"(anonymous_0)","decl":{"start":{"line":4,"column":4},"end":{"line":4,"column":null}},"loc":{"start":{"line":5,"column":50},"end":{"line":8,"column":5}}}},"branchMap":{"0":{"loc":{"start":{"line":5,"column":8},"end":{"line":5,"column":50}},"type":"default-arg","locations":[{"start":{"line":5,"column":26},"end":{"line":5,"column":50}}]}},"s":{"0":2,"1":1,"2":2},"f":{"0":1},"b":{"0":[0]}}
,"/home/gabrielwenchenck/alves-Gabriel-Carvalho/modulo5/projeto-lama/src/errors/BaseError.ts": {"path":"/home/gabrielwenchenck/alves-Gabriel-Carvalho/modulo5/projeto-lama/src/errors/BaseError.ts","statementMap":{"0":{"start":{"line":6,"column":8},"end":{"line":6,"column":null}},"1":{"start":{"line":3,"column":15},"end":{"line":3,"column":33}},"2":{"start":{"line":1,"column":0},"end":{"line":1,"column":13}}},"fnMap":{"0":{"name":"(anonymous_0)","decl":{"start":{"line":2,"column":4},"end":{"line":2,"column":null}},"loc":{"start":{"line":4,"column":23},"end":{"line":7,"column":5}}}},"branchMap":{},"s":{"0":5,"1":5,"2":4},"f":{"0":5},"b":{}}
,"/home/gabrielwenchenck/alves-Gabriel-Carvalho/modulo5/projeto-lama/src/errors/ConflictError.ts": {"path":"/home/gabrielwenchenck/alves-Gabriel-Carvalho/modulo5/projeto-lama/src/errors/ConflictError.ts","statementMap":{"0":{"start":{"line":1,"column":0},"end":{"line":1,"column":40}},"1":{"start":{"line":7,"column":8},"end":{"line":7,"column":null}},"2":{"start":{"line":3,"column":0},"end":{"line":3,"column":13}}},"fnMap":{"0":{"name":"(anonymous_0)","decl":{"start":{"line":4,"column":4},"end":{"line":4,"column":null}},"loc":{"start":{"line":5,"column":45},"end":{"line":8,"column":5}}}},"branchMap":{"0":{"loc":{"start":{"line":5,"column":8},"end":{"line":5,"column":45}},"type":"default-arg","locations":[{"start":{"line":5,"column":26},"end":{"line":5,"column":45}}]}},"s":{"0":4,"1":0,"2":4},"f":{"0":0},"b":{"0":[0]}}
,"/home/gabrielwenchenck/alves-Gabriel-Carvalho/modulo5/projeto-lama/src/errors/NotFoundError.ts": {"path":"/home/gabrielwenchenck/alves-Gabriel-Carvalho/modulo5/projeto-lama/src/errors/NotFoundError.ts","statementMap":{"0":{"start":{"line":1,"column":0},"end":{"line":1,"column":40}},"1":{"start":{"line":7,"column":8},"end":{"line":7,"column":null}},"2":{"start":{"line":3,"column":0},"end":{"line":3,"column":13}}},"fnMap":{"0":{"name":"(anonymous_0)","decl":{"start":{"line":4,"column":4},"end":{"line":4,"column":null}},"loc":{"start":{"line":5,"column":50},"end":{"line":8,"column":5}}}},"branchMap":{"0":{"loc":{"start":{"line":5,"column":8},"end":{"line":5,"column":50}},"type":"default-arg","locations":[{"start":{"line":5,"column":26},"end":{"line":5,"column":50}}]}},"s":{"0":4,"1":1,"2":4},"f":{"0":1},"b":{"0":[0]}}
,"/home/gabrielwenchenck/alves-Gabriel-Carvalho/modulo5/projeto-lama/src/errors/ParamsError.ts": {"path":"/home/gabrielwenchenck/alves-Gabriel-Carvalho/modulo5/projeto-lama/src/errors/ParamsError.ts","statementMap":{"0":{"start":{"line":1,"column":0},"end":{"line":1,"column":40}},"1":{"start":{"line":7,"column":8},"end":{"line":7,"column":null}},"2":{"start":{"line":3,"column":0},"end":{"line":3,"column":13}}},"fnMap":{"0":{"name":"(anonymous_0)","decl":{"start":{"line":4,"column":4},"end":{"line":4,"column":null}},"loc":{"start":{"line":5,"column":60},"end":{"line":8,"column":5}}}},"branchMap":{"0":{"loc":{"start":{"line":5,"column":8},"end":{"line":5,"column":60}},"type":"default-arg","locations":[{"start":{"line":5,"column":26},"end":{"line":5,"column":60}}]}},"s":{"0":4,"1":2,"2":4},"f":{"0":2},"b":{"0":[0]}}
,"/home/gabrielwenchenck/alves-Gabriel-Carvalho/modulo5/projeto-lama/src/models/Show.ts": {"path":"/home/gabrielwenchenck/alves-Gabriel-Carvalho/modulo5/projeto-lama/src/models/Show.ts","statementMap":{"0":{"start":{"line":15,"column":12},"end":{"line":15,"column":22}},"1":{"start":{"line":16,"column":12},"end":{"line":16,"column":24}},"2":{"start":{"line":17,"column":12},"end":{"line":17,"column":26}},"3":{"start":{"line":18,"column":12},"end":{"line":18,"column":30}},"4":{"start":{"line":21,"column":9},"end":{"line":23,"column":4}},"5":{"start":{"line":22,"column":4},"end":{"line":22,"column":19}},"6":{"start":{"line":25,"column":9},"end":{"line":27,"column":4}},"7":{"start":{"line":26,"column":4},"end":{"line":26,"column":21}},"8":{"start":{"line":29,"column":9},"end":{"line":31,"column":4}},"9":{"start":{"line":30,"column":4},"end":{"line":30,"column":25}},"10":{"start":{"line":33,"column":9},"end":{"line":35,"column":4}},"11":{"start":{"line":34,"column":4},"end":{"line":34,"column":24}},"12":{"start":{"line":37,"column":9},"end":{"line":39,"column":4}},"13":{"start":{"line":38,"column":4},"end":{"line":38,"column":20}},"14":{"start":{"line":41,"column":9},"end":{"line":43,"column":4}},"15":{"start":{"line":42,"column":4},"end":{"line":42,"column":24}},"16":{"start":{"line":45,"column":9},"end":{"line":47,"column":4}},"17":{"start":{"line":46,"column":4},"end":{"line":46,"column":32}},"18":{"start":{"line":49,"column":9},"end":{"line":51,"column":4}},"19":{"start":{"line":50,"column":4},"end":{"line":50,"column":30}},"20":{"start":{"line":13,"column":0},"end":{"line":13,"column":13}}},"fnMap":{"0":{"name":"(anonymous_0)","decl":{"start":{"line":14,"column":2},"end":{"line":14,"column":null}},"loc":{"start":{"line":18,"column":34},"end":{"line":19,"column":6}}},"1":{"name":"(anonymous_1)","decl":{"start":{"line":21,"column":17},"end":{"line":21,"column":20}},"loc":{"start":{"line":21,"column":22},"end":{"line":23,"column":3}}},"2":{"name":"(anonymous_2)","decl":{"start":{"line":25,"column":19},"end":{"line":25,"column":22}},"loc":{"start":{"line":25,"column":24},"end":{"line":27,"column":3}}},"3":{"name":"(anonymous_3)","decl":{"start":{"line":29,"column":23},"end":{"line":29,"column":26}},"loc":{"start":{"line":29,"column":28},"end":{"line":31,"column":3}}},"4":{"name":"(anonymous_4)","decl":{"start":{"line":33,"column":22},"end":{"line":33,"column":25}},"loc":{"start":{"line":33,"column":27},"end":{"line":35,"column":3}}},"5":{"name":"(anonymous_5)","decl":{"start":{"line":37,"column":17},"end":{"line":37,"column":18}},"loc":{"start":{"line":37,"column":35},"end":{"line":39,"column":3}}},"6":{"name":"(anonymous_6)","decl":{"start":{"line":41,"column":19},"end":{"line":41,"column":20}},"loc":{"start":{"line":41,"column":39},"end":{"line":43,"column":3}}},"7":{"name":"(anonymous_7)","decl":{"start":{"line":45,"column":23},"end":{"line":45,"column":24}},"loc":{"start":{"line":45,"column":45},"end":{"line":47,"column":3}}},"8":{"name":"(anonymous_8)","decl":{"start":{"line":49,"column":22},"end":{"line":49,"column":23}},"loc":{"start":{"line":49,"column":45},"end":{"line":51,"column":3}}}},"branchMap":{"0":{"loc":{"start":{"line":18,"column":12},"end":{"line":18,"column":34}},"type":"default-arg","locations":[{"start":{"line":18,"column":30},"end":{"line":18,"column":34}}]}},"s":{"0":2,"1":2,"2":2,"3":2,"4":2,"5":0,"6":2,"7":2,"8":2,"9":1,"10":2,"11":1,"12":2,"13":0,"14":2,"15":0,"16":2,"17":0,"18":2,"19":0,"20":2},"f":{"0":2,"1":0,"2":2,"3":1,"4":1,"5":0,"6":0,"7":0,"8":0},"b":{"0":[1]}}
,"/home/gabrielwenchenck/alves-Gabriel-Carvalho/modulo5/projeto-lama/src/models/User.ts": {"path":"/home/gabrielwenchenck/alves-Gabriel-Carvalho/modulo5/projeto-lama/src/models/User.ts","statementMap":{"0":{"start":{"line":1,"column":0},"end":{"line":1,"column":null}},"1":{"start":{"line":2,"column":2},"end":{"line":2,"column":null}},"2":{"start":{"line":3,"column":2},"end":{"line":3,"column":null}},"3":{"start":{"line":16,"column":12},"end":{"line":16,"column":22}},"4":{"start":{"line":17,"column":12},"end":{"line":17,"column":24}},"5":{"start":{"line":18,"column":12},"end":{"line":18,"column":25}},"6":{"start":{"line":19,"column":12},"end":{"line":19,"column":28}},"7":{"start":{"line":20,"column":12},"end":{"line":20,"column":28}},"8":{"start":{"line":23,"column":9},"end":{"line":25,"column":4}},"9":{"start":{"line":24,"column":4},"end":{"line":24,"column":19}},"10":{"start":{"line":27,"column":9},"end":{"line":29,"column":4}},"11":{"start":{"line":28,"column":4},"end":{"line":28,"column":21}},"12":{"start":{"line":31,"column":9},"end":{"line":33,"column":4}},"13":{"start":{"line":32,"column":4},"end":{"line":32,"column":22}},"14":{"start":{"line":35,"column":9},"end":{"line":37,"column":4}},"15":{"start":{"line":36,"column":4},"end":{"line":36,"column":25}},"16":{"start":{"line":39,"column":9},"end":{"line":41,"column":4}},"17":{"start":{"line":40,"column":4},"end":{"line":40,"column":21}},"18":{"start":{"line":43,"column":9},"end":{"line":45,"column":4}},"19":{"start":{"line":44,"column":4},"end":{"line":44,"column":20}},"20":{"start":{"line":47,"column":9},"end":{"line":49,"column":4}},"21":{"start":{"line":48,"column":4},"end":{"line":48,"column":24}},"22":{"start":{"line":51,"column":9},"end":{"line":53,"column":4}},"23":{"start":{"line":52,"column":4},"end":{"line":52,"column":26}},"24":{"start":{"line":55,"column":9},"end":{"line":57,"column":4}},"25":{"start":{"line":56,"column":4},"end":{"line":56,"column":32}},"26":{"start":{"line":59,"column":9},"end":{"line":61,"column":4}},"27":{"start":{"line":60,"column":4},"end":{"line":60,"column":24}},"28":{"start":{"line":14,"column":0},"end":{"line":14,"column":13}}},"fnMap":{"0":{"name":"(anonymous_0)","decl":{"start":{"line":1,"column":0},"end":{"line":1,"column":12}},"loc":{"start":{"line":1,"column":22},"end":{"line":4,"column":1}}},"1":{"name":"(anonymous_1)","decl":{"start":{"line":15,"column":2},"end":{"line":15,"column":null}},"loc":{"start":{"line":20,"column":28},"end":{"line":21,"column":6}}},"2":{"name":"(anonymous_2)","decl":{"start":{"line":23,"column":17},"end":{"line":23,"column":20}},"loc":{"start":{"line":23,"column":22},"end":{"line":25,"column":3}}},"3":{"name":"(anonymous_3)","decl":{"start":{"line":27,"column":19},"end":{"line":27,"column":22}},"loc":{"start":{"line":27,"column":24},"end":{"line":29,"column":3}}},"4":{"name":"(anonymous_4)","decl":{"start":{"line":31,"column":20},"end":{"line":31,"column":23}},"loc":{"start":{"line":31,"column":25},"end":{"line":33,"column":3}}},"5":{"name":"(anonymous_5)","decl":{"start":{"line":35,"column":23},"end":{"line":35,"column":26}},"loc":{"start":{"line":35,"column":28},"end":{"line":37,"column":3}}},"6":{"name":"(anonymous_6)","decl":{"start":{"line":39,"column":19},"end":{"line":39,"column":22}},"loc":{"start":{"line":39,"column":24},"end":{"line":41,"column":3}}},"7":{"name":"(anonymous_7)","decl":{"start":{"line":43,"column":17},"end":{"line":43,"column":18}},"loc":{"start":{"line":43,"column":35},"end":{"line":45,"column":3}}},"8":{"name":"(anonymous_8)","decl":{"start":{"line":47,"column":19},"end":{"line":47,"column":20}},"loc":{"start":{"line":47,"column":39},"end":{"line":49,"column":3}}},"9":{"name":"(anonymous_9)","decl":{"start":{"line":51,"column":20},"end":{"line":51,"column":21}},"loc":{"start":{"line":51,"column":41},"end":{"line":53,"column":3}}},"10":{"name":"(anonymous_10)","decl":{"start":{"line":55,"column":23},"end":{"line":55,"column":24}},"loc":{"start":{"line":55,"column":47},"end":{"line":57,"column":3}}},"11":{"name":"(anonymous_11)","decl":{"start":{"line":59,"column":19},"end":{"line":59,"column":20}},"loc":{"start":{"line":59,"column":43},"end":{"line":61,"column":3}}}},"branchMap":{"0":{"loc":{"start":{"line":1,"column":12},"end":{"line":1,"column":null}},"type":"binary-expr","locations":[{"start":{"line":1,"column":12},"end":{"line":1,"column":22}},{"start":{"line":1,"column":12},"end":{"line":1,"column":null}}]}},"s":{"0":4,"1":4,"2":4,"3":4,"4":4,"5":4,"6":4,"7":4,"8":4,"9":3,"10":4,"11":0,"12":4,"13":0,"14":4,"15":2,"16":4,"17":3,"18":4,"19":0,"20":4,"21":0,"22":4,"23":0,"24":4,"25":0,"26":4,"27":0,"28":4},"f":{"0":4,"1":4,"2":3,"3":0,"4":0,"5":2,"6":3,"7":0,"8":0,"9":0,"10":0,"11":0},"b":{"0":[4,4]}}
,"/home/gabrielwenchenck/alves-Gabriel-Carvalho/modulo5/projeto-lama/tests/mocks/AuthenticatorMock.ts": {"path":"/home/gabrielwenchenck/alves-Gabriel-Carvalho/modulo5/projeto-lama/tests/mocks/AuthenticatorMock.ts","statementMap":{"0":{"start":{"line":1,"column":0},"end":{"line":1,"column":50}},"1":{"start":{"line":5,"column":11},"end":{"line":12,"column":null}},"2":{"start":{"line":6,"column":8},"end":{"line":11,"column":null}},"3":{"start":{"line":8,"column":16},"end":{"line":8,"column":null}},"4":{"start":{"line":10,"column":16},"end":{"line":10,"column":null}},"5":{"start":{"line":14,"column":11},"end":{"line":35,"column":null}},"6":{"start":{"line":15,"column":8},"end":{"line":34,"column":null}},"7":{"start":{"line":17,"column":52},"end":{"line":20,"column":null}},"8":{"start":{"line":22,"column":16},"end":{"line":22,"column":null}},"9":{"start":{"line":25,"column":53},"end":{"line":28,"column":null}},"10":{"start":{"line":30,"column":16},"end":{"line":30,"column":null}},"11":{"start":{"line":33,"column":16},"end":{"line":33,"column":null}},"12":{"start":{"line":4,"column":0},"end":{"line":4,"column":13}}},"fnMap":{"0":{"name":"(anonymous_0)","decl":{"start":{"line":4,"column":0},"end":{"line":4,"column":13}},"loc":{"start":{"line":4,"column":0},"end":{"line":37,"column":1}}},"1":{"name":"(anonymous_1)","decl":{"start":{"line":5,"column":27},"end":{"line":5,"column":28}},"loc":{"start":{"line":5,"column":62},"end":{"line":12,"column":5}}},"2":{"name":"(anonymous_2)","decl":{"start":{"line":14,"column":29},"end":{"line":14,"column":30}},"loc":{"start":{"line":14,"column":69},"end":{"line":35,"column":5}}}},"branchMap":{"0":{"loc":{"start":{"line":6,"column":8},"end":{"line":11,"column":null}},"type":"switch","locations":[{"start":{"line":7,"column":12},"end":{"line":8,"column":null}},{"start":{"line":9,"column":12},"end":{"line":10,"column":null}}]},"1":{"loc":{"start":{"line":15,"column":8},"end":{"line":34,"column":null}},"type":"switch","locations":[{"start":{"line":16,"column":12},"end":{"line":22,"column":null}},{"start":{"line":24,"column":12},"end":{"line":30,"column":null}},{"start":{"line":32,"column":12},"end":{"line":33,"column":null}}]}},"s":{"0":4,"1":4,"2":3,"3":1,"4":2,"5":4,"6":4,"7":1,"8":1,"9":3,"10":3,"11":0,"12":4},"f":{"0":4,"1":3,"2":4},"b":{"0":[1,2],"1":[1,3,0]}}
,"/home/gabrielwenchenck/alves-Gabriel-Carvalho/modulo5/projeto-lama/tests/mocks/HashManagerMock.ts": {"path":"/home/gabrielwenchenck/alves-Gabriel-Carvalho/modulo5/projeto-lama/tests/mocks/HashManagerMock.ts","statementMap":{"0":{"start":{"line":2,"column":11},"end":{"line":8,"column":null}},"1":{"start":{"line":3,"column":8},"end":{"line":5,"column":null}},"2":{"start":{"line":4,"column":12},"end":{"line":4,"column":null}},"3":{"start":{"line":7,"column":8},"end":{"line":7,"column":null}},"4":{"start":{"line":10,"column":11},"end":{"line":16,"column":null}},"5":{"start":{"line":11,"column":8},"end":{"line":13,"column":null}},"6":{"start":{"line":12,"column":12},"end":{"line":12,"column":null}},"7":{"start":{"line":15,"column":8},"end":{"line":15,"column":null}},"8":{"start":{"line":1,"column":0},"end":{"line":1,"column":13}}},"fnMap":{"0":{"name":"(anonymous_0)","decl":{"start":{"line":1,"column":0},"end":{"line":1,"column":13}},"loc":{"start":{"line":1,"column":0},"end":{"line":17,"column":1}}},"1":{"name":"(anonymous_1)","decl":{"start":{"line":2,"column":18},"end":{"line":2,"column":23}},"loc":{"start":{"line":2,"column":63},"end":{"line":8,"column":5}}},"2":{"name":"(anonymous_2)","decl":{"start":{"line":10,"column":21},"end":{"line":10,"column":26}},"loc":{"start":{"line":10,"column":81},"end":{"line":16,"column":5}}}},"branchMap":{"0":{"loc":{"start":{"line":3,"column":8},"end":{"line":5,"column":null}},"type":"if","locations":[{"start":{"line":3,"column":8},"end":{"line":5,"column":null}}]},"1":{"loc":{"start":{"line":11,"column":8},"end":{"line":13,"column":null}},"type":"if","locations":[{"start":{"line":11,"column":8},"end":{"line":13,"column":null}}]},"2":{"loc":{"start":{"line":11,"column":12},"end":{"line":11,"column":64}},"type":"binary-expr","locations":[{"start":{"line":11,"column":12},"end":{"line":11,"column":36}},{"start":{"line":11,"column":40},"end":{"line":11,"column":64}}]}},"s":{"0":2,"1":2,"2":0,"3":2,"4":2,"5":2,"6":1,"7":1,"8":2},"f":{"0":2,"1":2,"2":2},"b":{"0":[0],"1":[1],"2":[2,1]}}
,"/home/gabrielwenchenck/alves-Gabriel-Carvalho/modulo5/projeto-lama/tests/mocks/IdGeneratorMock.ts": {"path":"/home/gabrielwenchenck/alves-Gabriel-Carvalho/modulo5/projeto-lama/tests/mocks/IdGeneratorMock.ts","statementMap":{"0":{"start":{"line":2,"column":11},"end":{"line":4,"column":null}},"1":{"start":{"line":3,"column":8},"end":{"line":3,"column":null}},"2":{"start":{"line":1,"column":0},"end":{"line":1,"column":13}}},"fnMap":{"0":{"name":"(anonymous_0)","decl":{"start":{"line":1,"column":0},"end":{"line":1,"column":13}},"loc":{"start":{"line":1,"column":0},"end":{"line":5,"column":1}}},"1":{"name":"(anonymous_1)","decl":{"start":{"line":2,"column":22},"end":{"line":2,"column":33}},"loc":{"start":{"line":2,"column":35},"end":{"line":4,"column":5}}}},"branchMap":{},"s":{"0":4,"1":4,"2":4},"f":{"0":4,"1":4},"b":{}}
,"/home/gabrielwenchenck/alves-Gabriel-Carvalho/modulo5/projeto-lama/tests/mocks/ShowDatabaseMock.ts": {"path":"/home/gabrielwenchenck/alves-Gabriel-Carvalho/modulo5/projeto-lama/tests/mocks/ShowDatabaseMock.ts","statementMap":{"0":{"start":{"line":2,"column":0},"end":{"line":2,"column":67}},"1":{"start":{"line":3,"column":0},"end":{"line":3,"column":63}},"2":{"start":{"line":9,"column":9},"end":{"line":16,"column":4}},"3":{"start":{"line":10,"column":28},"end":{"line":14,"column":6}},"4":{"start":{"line":15,"column":4},"end":{"line":15,"column":18}},"5":{"start":{"line":18,"column":9},"end":{"line":29,"column":4}},"6":{"start":{"line":19,"column":4},"end":{"line":28,"column":null}},"7":{"start":{"line":21,"column":8},"end":{"line":25,"column":10}},"8":{"start":{"line":27,"column":8},"end":{"line":27,"column":25}},"9":{"start":{"line":31,"column":9},"end":{"line":31,"column":62}},"10":{"start":{"line":33,"column":9},"end":{"line":51,"column":4}},"11":{"start":{"line":34,"column":18},"end":{"line":45,"column":6}},"12":{"start":{"line":47,"column":23},"end":{"line":49,"column":6}},"13":{"start":{"line":48,"column":6},"end":{"line":48,"column":58}},"14":{"start":{"line":50,"column":4},"end":{"line":50,"column":22}},"15":{"start":{"line":53,"column":9},"end":{"line":64,"column":4}},"16":{"start":{"line":54,"column":4},"end":{"line":63,"column":null}},"17":{"start":{"line":56,"column":8},"end":{"line":60,"column":10}},"18":{"start":{"line":62,"column":8},"end":{"line":62,"column":25}},"19":{"start":{"line":66,"column":9},"end":{"line":73,"column":4}},"20":{"start":{"line":67,"column":4},"end":{"line":72,"column":null}},"21":{"start":{"line":69,"column":8},"end":{"line":69,"column":17}},"22":{"start":{"line":71,"column":8},"end":{"line":71,"column":17}},"23":{"start":{"line":75,"column":9},"end":{"line":92,"column":4}},"24":{"start":{"line":79,"column":4},"end":{"line":91,"column":null}},"25":{"start":{"line":80,"column":6},"end":{"line":89,"column":null}},"26":{"start":{"line":82,"column":10},"end":{"line":86,"column":12}},"27":{"start":{"line":88,"column":10},"end":{"line":88,"column":16}},"28":{"start":{"line":90,"column":6},"end":{"line":90,"column":23}},"29":{"start":{"line":93,"column":9},"end":{"line":93,"column":71}},"30":{"start":{"line":94,"column":9},"end":{"line":94,"column":68}},"31":{"start":{"line":5,"column":0},"end":{"line":5,"column":13}},"32":{"start":{"line":6,"column":16},"end":{"line":6,"column":43}},"33":{"start":{"line":7,"column":16},"end":{"line":7,"column":47}}},"fnMap":{"0":{"name":"(anonymous_0)","decl":{"start":{"line":5,"column":0},"end":{"line":5,"column":13}},"loc":{"start":{"line":5,"column":0},"end":{"line":95,"column":1}}},"1":{"name":"(anonymous_1)","decl":{"start":{"line":9,"column":25},"end":{"line":9,"column":26}},"loc":{"start":{"line":9,"column":49},"end":{"line":16,"column":3}}},"2":{"name":"(anonymous_2)","decl":{"start":{"line":18,"column":26},"end":{"line":18,"column":31}},"loc":{"start":{"line":18,"column":77},"end":{"line":29,"column":3}}},"3":{"name":"(anonymous_3)","decl":{"start":{"line":31,"column":22},"end":{"line":31,"column":27}},"loc":{"start":{"line":31,"column":58},"end":{"line":31,"column":61}}},"4":{"name":"(anonymous_4)","decl":{"start":{"line":33,"column":20},"end":{"line":33,"column":25}},"loc":{"start":{"line":33,"column":48},"end":{"line":51,"column":3}}},"5":{"name":"(anonymous_5)","decl":{"start":{"line":47,"column":33},"end":{"line":47,"column":34}},"loc":{"start":{"line":47,"column":42},"end":{"line":49,"column":5}}},"6":{"name":"(anonymous_6)","decl":{"start":{"line":53,"column":24},"end":{"line":53,"column":29}},"loc":{"start":{"line":53,"column":75},"end":{"line":64,"column":3}}},"7":{"name":"(anonymous_7)","decl":{"start":{"line":66,"column":30},"end":{"line":66,"column":35}},"loc":{"start":{"line":66,"column":68},"end":{"line":73,"column":3}}},"8":{"name":"(anonymous_8)","decl":{"start":{"line":75,"column":22},"end":{"line":75,"column":27}},"loc":{"start":{"line":78,"column":38},"end":{"line":92,"column":3}}},"9":{"name":"(anonymous_9)","decl":{"start":{"line":93,"column":24},"end":{"line":93,"column":29}},"loc":{"start":{"line":93,"column":67},"end":{"line":93,"column":70}}},"10":{"name":"(anonymous_10)","decl":{"start":{"line":94,"column":28},"end":{"line":94,"column":33}},"loc":{"start":{"line":94,"column":64},"end":{"line":94,"column":67}}}},"branchMap":{"0":{"loc":{"start":{"line":19,"column":4},"end":{"line":28,"column":null}},"type":"switch","locations":[{"start":{"line":20,"column":6},"end":{"line":25,"column":10}},{"start":{"line":26,"column":6},"end":{"line":27,"column":25}}]},"1":{"loc":{"start":{"line":54,"column":4},"end":{"line":63,"column":null}},"type":"switch","locations":[{"start":{"line":55,"column":6},"end":{"line":60,"column":10}},{"start":{"line":61,"column":6},"end":{"line":62,"column":25}}]},"2":{"loc":{"start":{"line":67,"column":4},"end":{"line":72,"column":null}},"type":"switch","locations":[{"start":{"line":68,"column":6},"end":{"line":69,"column":17}},{"start":{"line":70,"column":6},"end":{"line":71,"column":17}}]},"3":{"loc":{"start":{"line":79,"column":4},"end":{"line":91,"column":null}},"type":"if","locations":[{"start":{"line":79,"column":4},"end":{"line":91,"column":null}}]},"4":{"loc":{"start":{"line":80,"column":6},"end":{"line":89,"column":null}},"type":"switch","locations":[{"start":{"line":81,"column":8},"end":{"line":86,"column":12}},{"start":{"line":87,"column":8},"end":{"line":88,"column":16}}]}},"s":{"0":2,"1":2,"2":2,"3":0,"4":0,"5":2,"6":1,"7":0,"8":1,"9":2,"10":2,"11":0,"12":0,"13":0,"14":0,"15":2,"16":2,"17":1,"18":1,"19":2,"20":1,"21":0,"22":1,"23":2,"24":1,"25":0,"26":0,"27":0,"28":0,"29":2,"30":2,"31":2,"32":2,"33":2},"f":{"0":2,"1":0,"2":1,"3":1,"4":0,"5":0,"6":2,"7":1,"8":1,"9":1,"10":0},"b":{"0":[0,1],"1":[1,1],"2":[0,1],"3":[0],"4":[0,0]}}
,"/home/gabrielwenchenck/alves-Gabriel-Carvalho/modulo5/projeto-lama/tests/mocks/UserDatabaseMock.ts": {"path":"/home/gabrielwenchenck/alves-Gabriel-Carvalho/modulo5/projeto-lama/tests/mocks/UserDatabaseMock.ts","statementMap":{"0":{"start":{"line":1,"column":0},"end":{"line":1,"column":66}},"1":{"start":{"line":2,"column":0},"end":{"line":2,"column":63}},"2":{"start":{"line":7,"column":9},"end":{"line":17,"column":4}},"3":{"start":{"line":8,"column":28},"end":{"line":14,"column":6}},"4":{"start":{"line":16,"column":4},"end":{"line":16,"column":18}},"5":{"start":{"line":19,"column":9},"end":{"line":46,"column":4}},"6":{"start":{"line":20,"column":4},"end":{"line":45,"column":null}},"7":{"start":{"line":22,"column":36},"end":{"line":28,"column":10}},"8":{"start":{"line":30,"column":8},"end":{"line":30,"column":26}},"9":{"start":{"line":33,"column":35},"end":{"line":39,"column":10}},"10":{"start":{"line":41,"column":8},"end":{"line":41,"column":25}},"11":{"start":{"line":44,"column":8},"end":{"line":44,"column":25}},"12":{"start":{"line":48,"column":9},"end":{"line":48,"column":62}},"13":{"start":{"line":4,"column":0},"end":{"line":4,"column":13}},"14":{"start":{"line":5,"column":16},"end":{"line":5,"column":45}}},"fnMap":{"0":{"name":"(anonymous_0)","decl":{"start":{"line":4,"column":0},"end":{"line":4,"column":13}},"loc":{"start":{"line":4,"column":0},"end":{"line":49,"column":1}}},"1":{"name":"(anonymous_1)","decl":{"start":{"line":7,"column":25},"end":{"line":7,"column":26}},"loc":{"start":{"line":7,"column":40},"end":{"line":17,"column":3}}},"2":{"name":"(anonymous_2)","decl":{"start":{"line":19,"column":23},"end":{"line":19,"column":28}},"loc":{"start":{"line":19,"column":77},"end":{"line":46,"column":3}}},"3":{"name":"(anonymous_3)","decl":{"start":{"line":48,"column":22},"end":{"line":48,"column":27}},"loc":{"start":{"line":48,"column":58},"end":{"line":48,"column":61}}}},"branchMap":{"0":{"loc":{"start":{"line":20,"column":4},"end":{"line":45,"column":null}},"type":"switch","locations":[{"start":{"line":21,"column":6},"end":{"line":30,"column":26}},{"start":{"line":32,"column":6},"end":{"line":41,"column":25}},{"start":{"line":43,"column":6},"end":{"line":44,"column":25}}]}},"s":{"0":2,"1":2,"2":2,"3":0,"4":0,"5":2,"6":4,"7":0,"8":0,"9":2,"10":2,"11":2,"12":2,"13":2,"14":2},"f":{"0":2,"1":0,"2":4,"3":2},"b":{"0":[0,2,2]}}
}
