TN:
SF:src/business/PingBusiness.ts
FN:1,(anonymous_0)
FN:2,(anonymous_1)
FNF:2
FNH:2
FNDA:2,(anonymous_0)
FNDA:2,(anonymous_1)
DA:1,2
DA:2,2
DA:3,2
DA:7,2
LF:4
LH:4
BRF:0
BRH:0
end_of_record
TN:
SF:src/business/ShowBusiness.ts
FN:24,(anonymous_0)
FN:30,(anonymous_1)
FN:79,(anonymous_2)
FN:88,(anonymous_3)
FN:152,(anonymous_4)
FNF:5
FNH:3
FNDA:2,(anonymous_0)
FNDA:2,(anonymous_1)
FNDA:0,(anonymous_2)
FNDA:2,(anonymous_3)
FNDA:0,(anonymous_4)
DA:6,2
DA:7,2
DA:8,2
DA:10,2
DA:11,2
DA:21,2
DA:23,2
DA:25,2
DA:26,2
DA:27,2
DA:30,2
DA:31,2
DA:33,2
DA:34,0
DA:37,2
DA:38,0
DA:41,2
DA:43,2
DA:44,0
DA:47,2
DA:48,1
DA:51,1
DA:53,1
DA:55,1
DA:56,0
DA:58,1
DA:60,1
DA:62,1
DA:63,0
DA:66,1
DA:67,1
DA:69,1
DA:71,1
DA:76,1
DA:79,2
DA:80,0
DA:82,0
DA:85,0
DA:88,2
DA:91,2
DA:93,2
DA:94,0
DA:97,2
DA:98,0
DA:101,2
DA:103,2
DA:104,0
DA:107,2
DA:109,2
DA:110,1
DA:113,1
DA:115,1
DA:122,1
DA:123,0
DA:126,1
DA:131,1
DA:132,0
DA:135,1
DA:137,1
DA:143,1
DA:144,1
DA:149,1
DA:152,2
DA:153,0
DA:155,0
DA:156,0
DA:159,0
DA:160,0
DA:163,0
DA:165,0
DA:166,0
DA:169,0
DA:171,0
DA:172,0
DA:175,0
DA:177,0
DA:178,0
DA:183,0
DA:185,0
DA:186,0
LF:80
LH:50
BRDA:33,0,0,0
BRDA:33,1,0,2
BRDA:33,1,1,2
BRDA:37,2,0,0
BRDA:43,3,0,0
BRDA:47,4,0,1
BRDA:55,5,0,0
BRDA:62,6,0,0
BRDA:93,7,0,0
BRDA:97,8,0,0
BRDA:103,9,0,0
BRDA:109,10,0,1
BRDA:122,11,0,0
BRDA:131,12,0,0
BRDA:155,13,0,0
BRDA:159,14,0,0
BRDA:165,15,0,0
BRDA:171,16,0,0
BRDA:177,17,0,0
BRF:19
BRH:4
end_of_record
TN:
SF:src/business/UserBusiness.ts
FN:20,(anonymous_0)
FN:27,(anonymous_1)
FN:91,(anonymous_2)
FNF:3
FNH:3
FNDA:2,(anonymous_0)
FNDA:4,(anonymous_1)
FNDA:2,(anonymous_2)
DA:2,2
DA:3,2
DA:4,2
DA:16,2
DA:17,2
DA:19,2
DA:21,2
DA:22,2
DA:23,2
DA:24,2
DA:27,2
DA:28,4
DA:30,4
DA:31,0
DA:34,4
DA:35,0
DA:38,4
DA:39,0
DA:42,4
DA:43,0
DA:48,4
DA:49,0
DA:54,4
DA:55,2
DA:60,2
DA:61,0
DA:64,2
DA:66,2
DA:67,0
DA:69,2
DA:70,2
DA:72,2
DA:74,2
DA:76,2
DA:81,2
DA:83,2
DA:88,2
DA:91,2
DA:92,2
DA:94,2
DA:95,0
DA:98,2
DA:99,0
DA:102,2
DA:103,0
DA:106,2
DA:107,0
DA:112,2
DA:113,0
DA:116,2
DA:118,2
DA:119,0
DA:122,2
DA:129,2
DA:134,2
DA:135,1
DA:138,1
DA:143,1
DA:145,1
DA:150,1
LF:60
LH:47
BRDA:30,0,0,0
BRDA:30,1,0,4
BRDA:30,1,1,4
BRDA:30,1,2,4
BRDA:34,2,0,0
BRDA:38,3,0,0
BRDA:42,4,0,0
BRDA:48,5,0,0
BRDA:54,6,0,2
BRDA:60,7,0,0
BRDA:66,8,0,0
BRDA:94,9,0,0
BRDA:94,10,0,2
BRDA:94,10,1,2
BRDA:98,11,0,0
BRDA:102,12,0,0
BRDA:106,13,0,0
BRDA:112,14,0,0
BRDA:118,15,0,0
BRDA:134,16,0,1
BRF:20
BRH:7
end_of_record
TN:
SF:src/database/BaseDatabase.ts
FNF:0
FNH:0
DA:1,4
DA:2,4
DA:4,4
DA:6,4
DA:7,4
LF:5
LH:5
BRF:0
BRH:0
end_of_record
TN:
SF:src/errors/AuthenticationError.ts
FN:4,(anonymous_0)
FNF:1
FNH:1
FNDA:1,(anonymous_0)
DA:1,2
DA:3,2
DA:7,1
LF:3
LH:3
BRDA:5,0,0,0
BRF:1
BRH:0
end_of_record
TN:
SF:src/errors/AuthorizationError.ts
FN:4,(anonymous_0)
FNF:1
FNH:1
FNDA:1,(anonymous_0)
DA:1,2
DA:3,2
DA:7,1
LF:3
LH:3
BRDA:5,0,0,0
BRF:1
BRH:0
end_of_record
TN:
SF:src/errors/BaseError.ts
FN:2,(anonymous_0)
FNF:1
FNH:1
FNDA:5,(anonymous_0)
DA:1,4
DA:3,5
DA:6,5
LF:3
LH:3
BRF:0
BRH:0
end_of_record
TN:
SF:src/errors/ConflictError.ts
FN:4,(anonymous_0)
FNF:1
FNH:0
FNDA:0,(anonymous_0)
DA:1,4
DA:3,4
DA:7,0
LF:3
LH:2
BRDA:5,0,0,0
BRF:1
BRH:0
end_of_record
TN:
SF:src/errors/NotFoundError.ts
FN:4,(anonymous_0)
FNF:1
FNH:1
FNDA:1,(anonymous_0)
DA:1,4
DA:3,4
DA:7,1
LF:3
LH:3
BRDA:5,0,0,0
BRF:1
BRH:0
end_of_record
TN:
SF:src/errors/ParamsError.ts
FN:4,(anonymous_0)
FNF:1
FNH:1
FNDA:2,(anonymous_0)
DA:1,4
DA:3,4
DA:7,2
LF:3
LH:3
BRDA:5,0,0,0
BRF:1
BRH:0
end_of_record
TN:
SF:src/models/Show.ts
FN:14,(anonymous_0)
FN:21,(anonymous_1)
FN:25,(anonymous_2)
FN:29,(anonymous_3)
FN:33,(anonymous_4)
FN:37,(anonymous_5)
FN:41,(anonymous_6)
FN:45,(anonymous_7)
FN:49,(anonymous_8)
FNF:9
FNH:4
FNDA:2,(anonymous_0)
FNDA:0,(anonymous_1)
FNDA:2,(anonymous_2)
FNDA:1,(anonymous_3)
FNDA:1,(anonymous_4)
FNDA:0,(anonymous_5)
FNDA:0,(anonymous_6)
FNDA:0,(anonymous_7)
FNDA:0,(anonymous_8)
DA:13,2
DA:15,2
DA:16,2
DA:17,2
DA:18,2
DA:21,2
DA:22,0
DA:25,2
DA:26,2
DA:29,2
DA:30,1
DA:33,2
DA:34,1
DA:37,2
DA:38,0
DA:41,2
DA:42,0
DA:45,2
DA:46,0
DA:49,2
DA:50,0
LF:21
LH:16
BRDA:18,0,0,1
BRF:1
BRH:1
end_of_record
TN:
SF:src/models/User.ts
FN:1,(anonymous_0)
FN:15,(anonymous_1)
FN:23,(anonymous_2)
FN:27,(anonymous_3)
FN:31,(anonymous_4)
FN:35,(anonymous_5)
FN:39,(anonymous_6)
FN:43,(anonymous_7)
FN:47,(anonymous_8)
FN:51,(anonymous_9)
FN:55,(anonymous_10)
FN:59,(anonymous_11)
FNF:12
FNH:5
FNDA:4,(anonymous_0)
FNDA:4,(anonymous_1)
FNDA:3,(anonymous_2)
FNDA:0,(anonymous_3)
FNDA:0,(anonymous_4)
FNDA:2,(anonymous_5)
FNDA:3,(anonymous_6)
FNDA:0,(anonymous_7)
FNDA:0,(anonymous_8)
FNDA:0,(anonymous_9)
FNDA:0,(anonymous_10)
FNDA:0,(anonymous_11)
DA:1,4
DA:2,4
DA:3,4
DA:14,4
DA:16,4
DA:17,4
DA:18,4
DA:19,4
DA:20,4
DA:23,4
DA:24,3
DA:27,4
DA:28,0
DA:31,4
DA:32,0
DA:35,4
DA:36,2
DA:39,4
DA:40,3
DA:43,4
DA:44,0
DA:47,4
DA:48,0
DA:51,4
DA:52,0
DA:55,4
DA:56,0
DA:59,4
DA:60,0
LF:29
LH:22
BRDA:1,0,0,4
BRDA:1,0,1,4
BRF:2
BRH:2
end_of_record
TN:
SF:tests/mocks/AuthenticatorMock.ts
FN:4,(anonymous_0)
FN:5,(anonymous_1)
FN:14,(anonymous_2)
FNF:3
FNH:3
FNDA:4,(anonymous_0)
FNDA:3,(anonymous_1)
FNDA:4,(anonymous_2)
DA:1,4
DA:4,4
DA:5,4
DA:6,3
DA:8,1
DA:10,2
DA:14,4
DA:15,4
DA:17,1
DA:22,1
DA:25,3
DA:30,3
DA:33,0
LF:13
LH:12
BRDA:6,0,0,1
BRDA:6,0,1,2
BRDA:15,1,0,1
BRDA:15,1,1,3
BRDA:15,1,2,0
BRF:5
BRH:4
end_of_record
TN:
SF:tests/mocks/HashManagerMock.ts
FN:1,(anonymous_0)
FN:2,(anonymous_1)
FN:10,(anonymous_2)
FNF:3
FNH:3
FNDA:2,(anonymous_0)
FNDA:2,(anonymous_1)
FNDA:2,(anonymous_2)
DA:1,2
DA:2,2
DA:3,2
DA:4,0
DA:7,2
DA:10,2
DA:11,2
DA:12,1
DA:15,1
LF:9
LH:8
BRDA:3,0,0,0
BRDA:11,1,0,1
BRDA:11,2,0,2
BRDA:11,2,1,1
BRF:4
BRH:3
end_of_record
TN:
SF:tests/mocks/IdGeneratorMock.ts
FN:1,(anonymous_0)
FN:2,(anonymous_1)
FNF:2
FNH:2
FNDA:4,(anonymous_0)
FNDA:4,(anonymous_1)
DA:1,4
DA:2,4
DA:3,4
LF:3
LH:3
BRF:0
BRH:0
end_of_record
TN:
SF:tests/mocks/ShowDatabaseMock.ts
FN:5,(anonymous_0)
FN:9,(anonymous_1)
FN:18,(anonymous_2)
FN:31,(anonymous_3)
FN:33,(anonymous_4)
FN:47,(anonymous_5)
FN:53,(anonymous_6)
FN:66,(anonymous_7)
FN:75,(anonymous_8)
FN:93,(anonymous_9)
FN:94,(anonymous_10)
FNF:11
FNH:7
FNDA:2,(anonymous_0)
FNDA:0,(anonymous_1)
FNDA:1,(anonymous_2)
FNDA:1,(anonymous_3)
FNDA:0,(anonymous_4)
FNDA:0,(anonymous_5)
FNDA:2,(anonymous_6)
FNDA:1,(anonymous_7)
FNDA:1,(anonymous_8)
FNDA:1,(anonymous_9)
FNDA:0,(anonymous_10)
DA:2,2
DA:3,2
DA:5,2
DA:6,2
DA:7,2
DA:9,2
DA:10,0
DA:15,0
DA:18,2
DA:19,1
DA:21,0
DA:27,1
DA:31,2
DA:33,2
DA:34,0
DA:47,0
DA:48,0
DA:50,0
DA:53,2
DA:54,2
DA:56,1
DA:62,1
DA:66,2
DA:67,1
DA:69,0
DA:71,1
DA:75,2
DA:79,1
DA:80,0
DA:82,0
DA:88,0
DA:90,0
DA:93,2
DA:94,2
LF:34
LH:22
BRDA:19,0,0,0
BRDA:19,0,1,1
BRDA:54,1,0,1
BRDA:54,1,1,1
BRDA:67,2,0,0
BRDA:67,2,1,1
BRDA:79,3,0,0
BRDA:80,4,0,0
BRDA:80,4,1,0
BRF:9
BRH:4
end_of_record
TN:
SF:tests/mocks/UserDatabaseMock.ts
FN:4,(anonymous_0)
FN:7,(anonymous_1)
FN:19,(anonymous_2)
FN:48,(anonymous_3)
FNF:4
FNH:3
FNDA:2,(anonymous_0)
FNDA:0,(anonymous_1)
FNDA:4,(anonymous_2)
FNDA:2,(anonymous_3)
DA:1,2
DA:2,2
DA:4,2
DA:5,2
DA:7,2
DA:8,0
DA:16,0
DA:19,2
DA:20,4
DA:22,0
DA:30,0
DA:33,2
DA:41,2
DA:44,2
DA:48,2
LF:15
LH:11
BRDA:20,0,0,0
BRDA:20,0,1,2
BRDA:20,0,2,2
BRF:3
BRH:2
end_of_record
